<?xml version="1.0" encoding="UTF-8"?>
<!-- Generated by org.testng.reporters.JUnitXMLReporter -->
<testsuite ignored="0" hostname="LAPTOP-VB9FJKNE" failures="0" tests="6" name="Default test" time="5.712" errors="0" timestamp="2025-03-29T10:53:57 IST">
  <testcase classname="apiautomation.tests.DemoTest" name="getToken" time="3.064"/>
  <testcase classname="apiautomation.tests.DemoTest" name="createProduct" time="0.583"/>
  <testcase classname="apiautomation.tests.DemoTest" name="addToCart" time="0.295"/>
  <testcase classname="apiautomation.tests.DemoTest" name="placeOrder" time="0.335"/>
  <testcase classname="apiautomation.tests.DemoTest" name="deletePlacedOrder" time="0.219"/>
  <testcase classname="apiautomation.tests.DemoTest" name="deleteProduct" time="0.189"/>
</testsuite> <!-- Default test -->
