<?xml version="1.0" encoding="UTF-8"?>
<!-- Generated by org.testng.reporters.JUnitXMLReporter -->
<testsuite ignored="0" hostname="LAPTOP-VB9FJKNE" failures="0" tests="6" name="Default test" time="6.814" errors="0" timestamp="2025-03-28T10:40:55 IST">
  <testcase classname="apiautomation.tests.DemoTest" name="getToken" time="3.806"/>
  <testcase classname="apiautomation.tests.DemoTest" name="createProduct" time="0.7"/>
  <testcase classname="apiautomation.tests.DemoTest" name="addToCart" time="0.319"/>
  <testcase classname="apiautomation.tests.DemoTest" name="placeOrder" time="0.62"/>
  <testcase classname="apiautomation.tests.DemoTest" name="deletePlacedOrder" time="0.218"/>
  <testcase classname="apiautomation.tests.DemoTest" name="deleteProduct" time="0.19"/>
</testsuite> <!-- Default test -->
