<?xml version="1.0" encoding="UTF-8"?>
<testng-results ignored="0" total="6" passed="6" failed="0" skipped="0">
  <reporter-output>
  </reporter-output>
  <suite started-at="2025-03-29T09:25:07 IST" name="Default suite" finished-at="2025-03-29T09:25:12 IST" duration-ms="5482">
    <groups>
    </groups>
    <test started-at="2025-03-29T09:25:07 IST" name="Default test" finished-at="2025-03-29T09:25:12 IST" duration-ms="5482">
      <class name="apiautomation.tests.DemoTest">
        <test-method is-config="true" signature="buldingSpec()[pri:0, instance:apiautomation.tests.DemoTest@342c38f8]" started-at="2025-03-29T09:25:07 IST" name="buldingSpec" finished-at="2025-03-29T09:25:08 IST" duration-ms="641" status="PASS">
          <reporter-output>
          </reporter-output>
        </test-method> <!-- buldingSpec -->
        <test-method signature="getToken()[pri:0, instance:apiautomation.tests.DemoTest@342c38f8]" started-at="2025-03-29T09:25:08 IST" name="getToken" description="Get the Access Token" finished-at="2025-03-29T09:25:11 IST" duration-ms="2956" status="PASS">
          <reporter-output>
          </reporter-output>
        </test-method> <!-- getToken -->
        <test-method signature="createProduct()[pri:1, instance:apiautomation.tests.DemoTest@342c38f8]" started-at="2025-03-29T09:25:11 IST" name="createProduct" description="Create a Product for Test" finished-at="2025-03-29T09:25:11 IST" duration-ms="688" status="PASS">
          <reporter-output>
          </reporter-output>
        </test-method> <!-- createProduct -->
        <test-method signature="addToCart()[pri:3, instance:apiautomation.tests.DemoTest@342c38f8]" started-at="2025-03-29T09:25:11 IST" name="addToCart" description="Add The Product to Cart" finished-at="2025-03-29T09:25:12 IST" duration-ms="301" status="PASS">
          <reporter-output>
          </reporter-output>
        </test-method> <!-- addToCart -->
        <test-method signature="placeOrder()[pri:4, instance:apiautomation.tests.DemoTest@342c38f8]" started-at="2025-03-29T09:25:12 IST" name="placeOrder" description="Place A New Order" finished-at="2025-03-29T09:25:12 IST" duration-ms="345" status="PASS">
          <reporter-output>
          </reporter-output>
        </test-method> <!-- placeOrder -->
        <test-method signature="deletePlacedOrder()[pri:5, instance:apiautomation.tests.DemoTest@342c38f8]" started-at="2025-03-29T09:25:12 IST" name="deletePlacedOrder" description="Delete Placed  Order" finished-at="2025-03-29T09:25:12 IST" duration-ms="253" status="PASS">
          <reporter-output>
          </reporter-output>
        </test-method> <!-- deletePlacedOrder -->
        <test-method signature="deleteProduct()[pri:6, instance:apiautomation.tests.DemoTest@342c38f8]" started-at="2025-03-29T09:25:12 IST" name="deleteProduct" description="Delete Created Product" finished-at="2025-03-29T09:25:12 IST" duration-ms="185" status="PASS">
          <reporter-output>
          </reporter-output>
        </test-method> <!-- deleteProduct -->
      </class> <!-- apiautomation.tests.DemoTest -->
    </test> <!-- Default test -->
  </suite> <!-- Default suite -->
</testng-results>
